<?xml version="1.0" encoding="UTF-8"?>
<testng-results ignored="0" total="1" passed="1" failed="0" skipped="0">
  <reporter-output>
  </reporter-output>
  <suite started-at="2026-02-04T16:16:40 IST" name="LoginSuite" finished-at="2026-02-04T16:16:43 IST" duration-ms="3212">
    <groups>
    </groups>
    <test started-at="2026-02-04T16:16:40 IST" name="LoginTests" finished-at="2026-02-04T16:16:43 IST" duration-ms="3212">
      <class name="tests.LoginTest">
        <test-method is-config="true" signature="setup()[pri:0, instance:tests.LoginTest@74f0ea28]" started-at="2026-02-04T16:16:40 IST" name="setup" finished-at="2026-02-04T16:16:42 IST" duration-ms="2351" status="PASS">
          <reporter-output>
          </reporter-output>
        </test-method> <!-- setup -->
        <test-method signature="testValidLogin()[pri:0, instance:tests.LoginTest@74f0ea28]" started-at="2026-02-04T16:16:42 IST" name="testValidLogin" finished-at="2026-02-04T16:16:43 IST" duration-ms="816" status="PASS">
          <reporter-output>
          </reporter-output>
        </test-method> <!-- testValidLogin -->
        <test-method is-config="true" signature="teardown()[pri:0, instance:tests.LoginTest@74f0ea28]" started-at="2026-02-04T16:16:43 IST" name="teardown" finished-at="2026-02-04T16:16:43 IST" duration-ms="1" status="PASS">
          <reporter-output>
          </reporter-output>
        </test-method> <!-- teardown -->
      </class> <!-- tests.LoginTest -->
    </test> <!-- LoginTests -->
  </suite> <!-- LoginSuite -->
</testng-results>
