<?xml version="1.0" encoding="UTF-8"?>
<testng-results ignored="0" total="1" passed="1" failed="0" skipped="0">
  <reporter-output>
  </reporter-output>
  <suite started-at="2026-02-16T13:24:00 IST" name="Default suite" finished-at="2026-02-16T13:24:05 IST" duration-ms="5864">
    <groups>
    </groups>
    <test started-at="2026-02-16T13:24:00 IST" name="Default test" finished-at="2026-02-16T13:24:05 IST" duration-ms="5864">
      <class name="tests.LoginTest">
        <test-method is-config="true" signature="setupReport()[pri:0, instance:tests.LoginTest@477b4cdf]" started-at="2026-02-16T13:23:59 IST" name="setupReport" finished-at="2026-02-16T13:24:00 IST" duration-ms="265" status="PASS">
          <reporter-output>
          </reporter-output>
        </test-method> <!-- setupReport -->
        <test-method is-config="true" signature="setUp()[pri:0, instance:tests.LoginTest@477b4cdf]" started-at="2026-02-16T13:24:00 IST" name="setUp" finished-at="2026-02-16T13:24:05 IST" duration-ms="4986" status="PASS">
          <reporter-output>
          </reporter-output>
        </test-method> <!-- setUp -->
        <test-method signature="testValidLogin()[pri:0, instance:tests.LoginTest@477b4cdf]" started-at="2026-02-16T13:24:05 IST" name="testValidLogin" finished-at="2026-02-16T13:24:05 IST" duration-ms="619" status="PASS">
          <reporter-output>
          </reporter-output>
        </test-method> <!-- testValidLogin -->
        <test-method is-config="true" signature="tearDown(org.testng.ITestResult)[pri:0, instance:tests.LoginTest@477b4cdf]" started-at="2026-02-16T13:24:05 IST" name="tearDown" finished-at="2026-02-16T13:24:05 IST" duration-ms="222" status="PASS">
          <params>
            <param index="0">
              <value>
                <![CDATA[[TestResult name=testValidLogin status=SUCCESS method=LoginTest.testValidLogin()[pri:0, instance:tests.LoginTest@477b4cdf] output={null}]]]>
              </value>
            </param>
          </params>
          <reporter-output>
          </reporter-output>
        </test-method> <!-- tearDown -->
        <test-method is-config="true" signature="teardownReport()[pri:0, instance:tests.LoginTest@477b4cdf]" started-at="2026-02-16T13:24:06 IST" name="teardownReport" finished-at="2026-02-16T13:24:16 IST" duration-ms="9993" status="PASS">
          <reporter-output>
          </reporter-output>
        </test-method> <!-- teardownReport -->
      </class> <!-- tests.LoginTest -->
    </test> <!-- Default test -->
  </suite> <!-- Default suite -->
</testng-results>
