<?xml version="1.0" encoding="UTF-8"?>
<testng-results ignored="0" total="1" passed="1" failed="0" skipped="0">
  <reporter-output>
  </reporter-output>
  <suite started-at="2026-02-04T23:37:45 IST" name="Default suite" finished-at="2026-02-04T23:37:50 IST" duration-ms="4782">
    <groups>
    </groups>
    <test started-at="2026-02-04T23:37:45 IST" name="Default test" finished-at="2026-02-04T23:37:50 IST" duration-ms="4782">
      <class name="tests.LoginTest">
        <test-method is-config="true" signature="setup()[pri:0, instance:tests.LoginTest@368f2016]" started-at="2026-02-04T23:37:45 IST" name="setup" finished-at="2026-02-04T23:37:48 IST" duration-ms="3000" status="PASS">
          <reporter-output>
          </reporter-output>
        </test-method> <!-- setup -->
        <test-method signature="testValidLogin()[pri:0, instance:tests.LoginTest@368f2016]" started-at="2026-02-04T23:37:48 IST" name="testValidLogin" finished-at="2026-02-04T23:37:50 IST" duration-ms="1734" status="PASS">
          <reporter-output>
          </reporter-output>
        </test-method> <!-- testValidLogin -->
        <test-method is-config="true" signature="teardown()[pri:0, instance:tests.LoginTest@368f2016]" started-at="2026-02-04T23:37:50 IST" name="teardown" finished-at="2026-02-04T23:37:50 IST" duration-ms="2" status="PASS">
          <reporter-output>
          </reporter-output>
        </test-method> <!-- teardown -->
      </class> <!-- tests.LoginTest -->
    </test> <!-- Default test -->
  </suite> <!-- Default suite -->
</testng-results>
