<?xml version="1.0" encoding="UTF-8"?>
<testng-results ignored="0" total="1" passed="1" failed="0" skipped="0">
  <reporter-output>
  </reporter-output>
  <suite started-at="2026-02-16T18:38:18 IST" name="Default suite" finished-at="2026-02-16T18:38:22 IST" duration-ms="4306">
    <groups>
    </groups>
    <test started-at="2026-02-16T18:38:18 IST" name="Default test" finished-at="2026-02-16T18:38:22 IST" duration-ms="4306">
      <class name="tests.LoginTest">
        <test-method is-config="true" signature="setupReport()[pri:0, instance:tests.LoginTest@477b4cdf]" started-at="2026-02-16T18:38:18 IST" name="setupReport" finished-at="2026-02-16T18:38:18 IST" duration-ms="246" status="PASS">
          <reporter-output>
          </reporter-output>
        </test-method> <!-- setupReport -->
        <test-method is-config="true" signature="setUp()[pri:0, instance:tests.LoginTest@477b4cdf]" started-at="2026-02-16T18:38:18 IST" name="setUp" finished-at="2026-02-16T18:38:21 IST" duration-ms="3377" status="PASS">
          <reporter-output>
          </reporter-output>
        </test-method> <!-- setUp -->
        <test-method signature="testValidLogin()[pri:0, instance:tests.LoginTest@477b4cdf]" started-at="2026-02-16T18:38:21 IST" name="testValidLogin" finished-at="2026-02-16T18:38:22 IST" duration-ms="680" status="PASS">
          <reporter-output>
          </reporter-output>
        </test-method> <!-- testValidLogin -->
        <test-method is-config="true" signature="tearDown(org.testng.ITestResult)[pri:0, instance:tests.LoginTest@477b4cdf]" started-at="2026-02-16T18:38:22 IST" name="tearDown" finished-at="2026-02-16T18:38:22 IST" duration-ms="217" status="PASS">
          <params>
            <param index="0">
              <value>
                <![CDATA[[TestResult name=testValidLogin status=SUCCESS method=LoginTest.testValidLogin()[pri:0, instance:tests.LoginTest@477b4cdf] output={null}]]]>
              </value>
            </param>
          </params>
          <reporter-output>
          </reporter-output>
        </test-method> <!-- tearDown -->
        <test-method is-config="true" signature="teardownReport()[pri:0, instance:tests.LoginTest@477b4cdf]" started-at="2026-02-16T18:38:22 IST" name="teardownReport" finished-at="2026-02-16T18:38:27 IST" duration-ms="4664" status="PASS">
          <reporter-output>
          </reporter-output>
        </test-method> <!-- teardownReport -->
      </class> <!-- tests.LoginTest -->
    </test> <!-- Default test -->
  </suite> <!-- Default suite -->
</testng-results>
